<?xml version="1.0" encoding="UTF-8"?>
<testng-results skipped="0" failed="0" total="1" passed="1">
  <reporter-output>
  </reporter-output>
  <suite name="Default suite" duration-ms="34382" started-at="2017-08-24T16:09:15Z" finished-at="2017-08-24T16:09:49Z">
    <groups>
    </groups>
    <test name="Default test" duration-ms="34382" started-at="2017-08-24T16:09:15Z" finished-at="2017-08-24T16:09:49Z">
      <class name="mercuryTravelTests.TestHomePage">
        <test-method status="PASS" signature="setup()[pri:0, instance:mercuryTravelTests.TestHomePage@26be92ad]" name="setup" is-config="true" duration-ms="24992" started-at="2017-08-24T17:09:15Z" finished-at="2017-08-24T17:09:40Z">
          <reporter-output>
          </reporter-output>
        </test-method> <!-- setup -->
        <test-method status="PASS" signature="verifyUserLoginWithCorrectCredetials()[pri:0, instance:mercuryTravelTests.TestHomePage@26be92ad]" name="verifyUserLoginWithCorrectCredetials" duration-ms="7380" started-at="2017-08-24T17:09:40Z" finished-at="2017-08-24T17:09:47Z">
          <reporter-output>
          </reporter-output>
        </test-method> <!-- verifyUserLoginWithCorrectCredetials -->
        <test-method status="PASS" signature="tearDown()[pri:0, instance:mercuryTravelTests.TestHomePage@26be92ad]" name="tearDown" is-config="true" duration-ms="1995" started-at="2017-08-24T17:09:47Z" finished-at="2017-08-24T17:09:49Z">
          <reporter-output>
          </reporter-output>
        </test-method> <!-- tearDown -->
      </class> <!-- mercuryTravelTests.TestHomePage -->
    </test> <!-- Default test -->
  </suite> <!-- Default suite -->
</testng-results>
